#! /usr/bin/vvp
:ivl_version "10.3 (stable)";
:ivl_delay_selection "TYPICAL";
:vpi_time_precision + 0;
:vpi_module "system";
:vpi_module "vhdl_sys";
:vpi_module "v2005_math";
:vpi_module "va_math";
S_0x56351029dbe0 .scope module, "prob5_tb" "prob5_tb" 2 3;
 .timescale 0 0;
v0x5635102b2910_0 .net "out", 0 0, L_0x5635102b2fd0;  1 drivers
v0x5635102b29d0_0 .var "x", 0 0;
v0x5635102b2aa0_0 .var "y", 0 0;
v0x5635102b2ba0_0 .var "z", 0 0;
S_0x56351029dd60 .scope module, "G1" "prob5" 2 8, 3 1 0, S_0x56351029dbe0;
 .timescale 0 0;
    .port_info 0 /INPUT 1 "x"
    .port_info 1 /INPUT 1 "y"
    .port_info 2 /INPUT 1 "z"
    .port_info 3 /OUTPUT 1 "out"
L_0x5635102b2c70 .functor NOT 1, v0x5635102b29d0_0, C4<0>, C4<0>, C4<0>;
L_0x5635102b2d60 .functor AND 1, L_0x5635102b2c70, v0x5635102b2ba0_0, C4<1>, C4<1>;
L_0x5635102b2e70 .functor NOT 1, v0x5635102b2ba0_0, C4<0>, C4<0>, C4<0>;
L_0x5635102b2ee0 .functor AND 1, v0x5635102b29d0_0, L_0x5635102b2e70, C4<1>, C4<1>;
L_0x5635102b2fd0 .functor OR 1, L_0x5635102b2d60, L_0x5635102b2ee0, C4<0>, C4<0>;
v0x5635102680e0_0 .net *"_s0", 0 0, L_0x5635102b2c70;  1 drivers
v0x5635102b2290_0 .net *"_s2", 0 0, L_0x5635102b2d60;  1 drivers
v0x5635102b2370_0 .net *"_s4", 0 0, L_0x5635102b2e70;  1 drivers
v0x5635102b2460_0 .net *"_s6", 0 0, L_0x5635102b2ee0;  1 drivers
v0x5635102b2540_0 .net "out", 0 0, L_0x5635102b2fd0;  alias, 1 drivers
v0x5635102b2650_0 .net "x", 0 0, v0x5635102b29d0_0;  1 drivers
v0x5635102b2710_0 .net "y", 0 0, v0x5635102b2aa0_0;  1 drivers
v0x5635102b27d0_0 .net "z", 0 0, v0x5635102b2ba0_0;  1 drivers
    .scope S_0x56351029dbe0;
T_0 ;
    %vpi_call 2 12 "$dumpfile", "prob5_tb.vcd" {0 0 0};
    %vpi_call 2 13 "$dumpvars", 32'sb00000000000000000000000000000000, S_0x56351029dbe0 {0 0 0};
    %pushi/vec4 0, 0, 1;
    %store/vec4 v0x5635102b2ba0_0, 0, 1;
    %pushi/vec4 0, 0, 1;
    %store/vec4 v0x5635102b29d0_0, 0, 1;
    %pushi/vec4 0, 0, 1;
    %store/vec4 v0x5635102b2aa0_0, 0, 1;
    %delay 10, 0;
    %pushi/vec4 0, 0, 1;
    %store/vec4 v0x5635102b2ba0_0, 0, 1;
    %pushi/vec4 0, 0, 1;
    %store/vec4 v0x5635102b29d0_0, 0, 1;
    %pushi/vec4 1, 0, 1;
    %store/vec4 v0x5635102b2aa0_0, 0, 1;
    %delay 10, 0;
    %pushi/vec4 0, 0, 1;
    %store/vec4 v0x5635102b2ba0_0, 0, 1;
    %pushi/vec4 1, 0, 1;
    %store/vec4 v0x5635102b29d0_0, 0, 1;
    %pushi/vec4 0, 0, 1;
    %store/vec4 v0x5635102b2aa0_0, 0, 1;
    %delay 10, 0;
    %pushi/vec4 0, 0, 1;
    %store/vec4 v0x5635102b2ba0_0, 0, 1;
    %pushi/vec4 1, 0, 1;
    %store/vec4 v0x5635102b29d0_0, 0, 1;
    %pushi/vec4 1, 0, 1;
    %store/vec4 v0x5635102b2aa0_0, 0, 1;
    %delay 10, 0;
    %pushi/vec4 1, 0, 1;
    %store/vec4 v0x5635102b2ba0_0, 0, 1;
    %pushi/vec4 0, 0, 1;
    %store/vec4 v0x5635102b29d0_0, 0, 1;
    %pushi/vec4 0, 0, 1;
    %store/vec4 v0x5635102b2aa0_0, 0, 1;
    %delay 10, 0;
    %pushi/vec4 1, 0, 1;
    %store/vec4 v0x5635102b2ba0_0, 0, 1;
    %pushi/vec4 0, 0, 1;
    %store/vec4 v0x5635102b29d0_0, 0, 1;
    %pushi/vec4 1, 0, 1;
    %store/vec4 v0x5635102b2aa0_0, 0, 1;
    %delay 10, 0;
    %pushi/vec4 1, 0, 1;
    %store/vec4 v0x5635102b2ba0_0, 0, 1;
    %pushi/vec4 1, 0, 1;
    %store/vec4 v0x5635102b29d0_0, 0, 1;
    %pushi/vec4 0, 0, 1;
    %store/vec4 v0x5635102b2aa0_0, 0, 1;
    %delay 10, 0;
    %pushi/vec4 1, 0, 1;
    %store/vec4 v0x5635102b2ba0_0, 0, 1;
    %pushi/vec4 1, 0, 1;
    %store/vec4 v0x5635102b29d0_0, 0, 1;
    %pushi/vec4 1, 0, 1;
    %store/vec4 v0x5635102b2aa0_0, 0, 1;
    %delay 10, 0;
    %end;
    .thread T_0;
# The file index is used to find the file name in the following table.
:file_names 4;
    "N/A";
    "<interactive>";
    "prob5_tb.v";
    "./prob5.v";
