#! /usr/bin/vvp
:ivl_version "10.3 (stable)";
:ivl_delay_selection "TYPICAL";
:vpi_time_precision + 0;
:vpi_module "system";
:vpi_module "vhdl_sys";
:vpi_module "v2005_math";
:vpi_module "va_math";
S_0x55b9f1482100 .scope module, "prob5" "prob5" 2 1;
 .timescale 0 0;
    .port_info 0 /INPUT 1 "x"
    .port_info 1 /INPUT 1 "y"
    .port_info 2 /INPUT 1 "z"
    .port_info 3 /OUTPUT 1 "out"
o0x7f06d71ac108 .functor BUFZ 1, C4<z>; HiZ drive
L_0x55b9f14c5890 .functor NOT 1, o0x7f06d71ac108, C4<0>, C4<0>, C4<0>;
o0x7f06d71ac168 .functor BUFZ 1, C4<z>; HiZ drive
L_0x55b9f14c5950 .functor AND 1, L_0x55b9f14c5890, o0x7f06d71ac168, C4<1>, C4<1>;
L_0x55b9f14c5a40 .functor NOT 1, o0x7f06d71ac168, C4<0>, C4<0>, C4<0>;
L_0x55b9f14c5b30 .functor AND 1, o0x7f06d71ac108, L_0x55b9f14c5a40, C4<1>, C4<1>;
L_0x55b9f14c5c70 .functor OR 1, L_0x55b9f14c5950, L_0x55b9f14c5b30, C4<0>, C4<0>;
v0x55b9f14822f0_0 .net *"_s0", 0 0, L_0x55b9f14c5890;  1 drivers
v0x55b9f14c5210_0 .net *"_s2", 0 0, L_0x55b9f14c5950;  1 drivers
v0x55b9f14c52f0_0 .net *"_s4", 0 0, L_0x55b9f14c5a40;  1 drivers
v0x55b9f14c53e0_0 .net *"_s6", 0 0, L_0x55b9f14c5b30;  1 drivers
v0x55b9f14c54c0_0 .net "out", 0 0, L_0x55b9f14c5c70;  1 drivers
v0x55b9f14c55d0_0 .net "x", 0 0, o0x7f06d71ac108;  0 drivers
o0x7f06d71ac138 .functor BUFZ 1, C4<z>; HiZ drive
v0x55b9f14c5690_0 .net "y", 0 0, o0x7f06d71ac138;  0 drivers
v0x55b9f14c5750_0 .net "z", 0 0, o0x7f06d71ac168;  0 drivers
# The file index is used to find the file name in the following table.
:file_names 3;
    "N/A";
    "<interactive>";
    "prob5.v";
