#! /usr/bin/vvp
:ivl_version "10.3 (stable)";
:ivl_delay_selection "TYPICAL";
:vpi_time_precision + 0;
:vpi_module "system";
:vpi_module "vhdl_sys";
:vpi_module "v2005_math";
:vpi_module "va_math";
S_0x55e4a9aced00 .scope module, "prob3_tb" "prob3_tb" 2 3;
 .timescale 0 0;
v0x55e4a9ae4370_0 .net "out", 0 0, L_0x55e4a9ae4bf0;  1 drivers
v0x55e4a9ae4430_0 .var "x", 0 0;
v0x55e4a9ae4500_0 .var "y", 0 0;
v0x55e4a9ae4600_0 .var "z", 0 0;
S_0x55e4a9acee80 .scope module, "G1" "prob3" 2 8, 3 1 0, S_0x55e4a9aced00;
 .timescale 0 0;
    .port_info 0 /INPUT 1 "x"
    .port_info 1 /INPUT 1 "y"
    .port_info 2 /INPUT 1 "z"
    .port_info 3 /OUTPUT 1 "out"
L_0x55e4a9ae46d0 .functor NOT 1, v0x55e4a9ae4430_0, C4<0>, C4<0>, C4<0>;
L_0x55e4a9ae4770 .functor NOT 1, v0x55e4a9ae4500_0, C4<0>, C4<0>, C4<0>;
L_0x55e4a9ae4830 .functor AND 1, L_0x55e4a9ae46d0, L_0x55e4a9ae4770, C4<1>, C4<1>;
L_0x55e4a9ae4940 .functor AND 1, v0x55e4a9ae4430_0, v0x55e4a9ae4500_0, C4<1>, C4<1>;
L_0x55e4a9ae49e0 .functor NOT 1, v0x55e4a9ae4600_0, C4<0>, C4<0>, C4<0>;
L_0x55e4a9ae4aa0 .functor AND 1, L_0x55e4a9ae4940, L_0x55e4a9ae49e0, C4<1>, C4<1>;
L_0x55e4a9ae4bf0 .functor OR 1, L_0x55e4a9ae4830, L_0x55e4a9ae4aa0, C4<0>, C4<0>;
v0x55e4a9a990e0_0 .net *"_s0", 0 0, L_0x55e4a9ae46d0;  1 drivers
v0x55e4a9ae3b30_0 .net *"_s10", 0 0, L_0x55e4a9ae4aa0;  1 drivers
v0x55e4a9ae3c10_0 .net *"_s2", 0 0, L_0x55e4a9ae4770;  1 drivers
v0x55e4a9ae3d00_0 .net *"_s4", 0 0, L_0x55e4a9ae4830;  1 drivers
v0x55e4a9ae3de0_0 .net *"_s6", 0 0, L_0x55e4a9ae4940;  1 drivers
v0x55e4a9ae3f10_0 .net *"_s8", 0 0, L_0x55e4a9ae49e0;  1 drivers
v0x55e4a9ae3ff0_0 .net "out", 0 0, L_0x55e4a9ae4bf0;  alias, 1 drivers
v0x55e4a9ae40b0_0 .net "x", 0 0, v0x55e4a9ae4430_0;  1 drivers
v0x55e4a9ae4170_0 .net "y", 0 0, v0x55e4a9ae4500_0;  1 drivers
v0x55e4a9ae4230_0 .net "z", 0 0, v0x55e4a9ae4600_0;  1 drivers
    .scope S_0x55e4a9aced00;
T_0 ;
    %vpi_call 2 12 "$dumpfile", "prob3_tb.vcd" {0 0 0};
    %vpi_call 2 13 "$dumpvars", 32'sb00000000000000000000000000000000, S_0x55e4a9aced00 {0 0 0};
    %pushi/vec4 0, 0, 1;
    %store/vec4 v0x55e4a9ae4600_0, 0, 1;
    %pushi/vec4 0, 0, 1;
    %store/vec4 v0x55e4a9ae4430_0, 0, 1;
    %pushi/vec4 0, 0, 1;
    %store/vec4 v0x55e4a9ae4500_0, 0, 1;
    %delay 10, 0;
    %pushi/vec4 0, 0, 1;
    %store/vec4 v0x55e4a9ae4600_0, 0, 1;
    %pushi/vec4 0, 0, 1;
    %store/vec4 v0x55e4a9ae4430_0, 0, 1;
    %pushi/vec4 1, 0, 1;
    %store/vec4 v0x55e4a9ae4500_0, 0, 1;
    %delay 10, 0;
    %pushi/vec4 0, 0, 1;
    %store/vec4 v0x55e4a9ae4600_0, 0, 1;
    %pushi/vec4 1, 0, 1;
    %store/vec4 v0x55e4a9ae4430_0, 0, 1;
    %pushi/vec4 0, 0, 1;
    %store/vec4 v0x55e4a9ae4500_0, 0, 1;
    %delay 10, 0;
    %pushi/vec4 0, 0, 1;
    %store/vec4 v0x55e4a9ae4600_0, 0, 1;
    %pushi/vec4 1, 0, 1;
    %store/vec4 v0x55e4a9ae4430_0, 0, 1;
    %pushi/vec4 1, 0, 1;
    %store/vec4 v0x55e4a9ae4500_0, 0, 1;
    %delay 10, 0;
    %pushi/vec4 1, 0, 1;
    %store/vec4 v0x55e4a9ae4600_0, 0, 1;
    %pushi/vec4 0, 0, 1;
    %store/vec4 v0x55e4a9ae4430_0, 0, 1;
    %pushi/vec4 0, 0, 1;
    %store/vec4 v0x55e4a9ae4500_0, 0, 1;
    %delay 10, 0;
    %pushi/vec4 1, 0, 1;
    %store/vec4 v0x55e4a9ae4600_0, 0, 1;
    %pushi/vec4 0, 0, 1;
    %store/vec4 v0x55e4a9ae4430_0, 0, 1;
    %pushi/vec4 1, 0, 1;
    %store/vec4 v0x55e4a9ae4500_0, 0, 1;
    %delay 10, 0;
    %pushi/vec4 1, 0, 1;
    %store/vec4 v0x55e4a9ae4600_0, 0, 1;
    %pushi/vec4 1, 0, 1;
    %store/vec4 v0x55e4a9ae4430_0, 0, 1;
    %pushi/vec4 0, 0, 1;
    %store/vec4 v0x55e4a9ae4500_0, 0, 1;
    %delay 10, 0;
    %pushi/vec4 1, 0, 1;
    %store/vec4 v0x55e4a9ae4600_0, 0, 1;
    %pushi/vec4 1, 0, 1;
    %store/vec4 v0x55e4a9ae4430_0, 0, 1;
    %pushi/vec4 1, 0, 1;
    %store/vec4 v0x55e4a9ae4500_0, 0, 1;
    %delay 10, 0;
    %end;
    .thread T_0;
# The file index is used to find the file name in the following table.
:file_names 4;
    "N/A";
    "<interactive>";
    "prob3_tb.v";
    "./prob3.v";
