#! /usr/bin/vvp
:ivl_version "10.3 (stable)";
:ivl_delay_selection "TYPICAL";
:vpi_time_precision + 0;
:vpi_module "system";
:vpi_module "vhdl_sys";
:vpi_module "v2005_math";
:vpi_module "va_math";
S_0x55bc696b9100 .scope module, "prob3" "prob3" 2 1;
 .timescale 0 0;
    .port_info 0 /INPUT 1 "x"
    .port_info 1 /INPUT 1 "y"
    .port_info 2 /INPUT 1 "z"
    .port_info 3 /OUTPUT 1 "out"
o0x7f89422ee168 .functor BUFZ 1, C4<z>; HiZ drive
L_0x55bc696fd310 .functor NOT 1, o0x7f89422ee168, C4<0>, C4<0>, C4<0>;
o0x7f89422ee198 .functor BUFZ 1, C4<z>; HiZ drive
L_0x55bc696fd3d0 .functor NOT 1, o0x7f89422ee198, C4<0>, C4<0>, C4<0>;
L_0x55bc696fd4a0 .functor AND 1, L_0x55bc696fd310, L_0x55bc696fd3d0, C4<1>, C4<1>;
L_0x55bc696fd590 .functor AND 1, o0x7f89422ee168, o0x7f89422ee198, C4<1>, C4<1>;
o0x7f89422ee1c8 .functor BUFZ 1, C4<z>; HiZ drive
L_0x55bc696fd6d0 .functor NOT 1, o0x7f89422ee1c8, C4<0>, C4<0>, C4<0>;
L_0x55bc696fd740 .functor AND 1, L_0x55bc696fd590, L_0x55bc696fd6d0, C4<1>, C4<1>;
L_0x55bc696fd890 .functor OR 1, L_0x55bc696fd4a0, L_0x55bc696fd740, C4<0>, C4<0>;
v0x55bc696b92f0_0 .net *"_s0", 0 0, L_0x55bc696fd310;  1 drivers
v0x55bc696fcad0_0 .net *"_s10", 0 0, L_0x55bc696fd740;  1 drivers
v0x55bc696fcbb0_0 .net *"_s2", 0 0, L_0x55bc696fd3d0;  1 drivers
v0x55bc696fcca0_0 .net *"_s4", 0 0, L_0x55bc696fd4a0;  1 drivers
v0x55bc696fcd80_0 .net *"_s6", 0 0, L_0x55bc696fd590;  1 drivers
v0x55bc696fceb0_0 .net *"_s8", 0 0, L_0x55bc696fd6d0;  1 drivers
v0x55bc696fcf90_0 .net "out", 0 0, L_0x55bc696fd890;  1 drivers
v0x55bc696fd050_0 .net "x", 0 0, o0x7f89422ee168;  0 drivers
v0x55bc696fd110_0 .net "y", 0 0, o0x7f89422ee198;  0 drivers
v0x55bc696fd1d0_0 .net "z", 0 0, o0x7f89422ee1c8;  0 drivers
# The file index is used to find the file name in the following table.
:file_names 3;
    "N/A";
    "<interactive>";
    "prob3.v";
