#! /usr/bin/vvp
:ivl_version "10.3 (stable)";
:ivl_delay_selection "TYPICAL";
:vpi_time_precision + 0;
:vpi_module "system";
:vpi_module "vhdl_sys";
:vpi_module "v2005_math";
:vpi_module "va_math";
S_0x55824fc1b770 .scope module, "prob2_tb" "prob2_tb" 2 3;
 .timescale 0 0;
v0x55824fc2c400_0 .net "out", 0 0, L_0x55824fc2c820;  1 drivers
v0x55824fc2c4a0_0 .var "x", 0 0;
v0x55824fc2c570_0 .var "y", 0 0;
S_0x55824fc1b8f0 .scope module, "G1" "prob2" 2 8, 3 1 0, S_0x55824fc1b770;
 .timescale 0 0;
    .port_info 0 /INPUT 1 "x"
    .port_info 1 /INPUT 1 "y"
    .port_info 2 /OUTPUT 1 "out"
L_0x55824fc2c670 .functor NOT 1, v0x55824fc2c570_0, C4<0>, C4<0>, C4<0>;
L_0x55824fc2c760 .functor NOT 1, v0x55824fc2c4a0_0, C4<0>, C4<0>, C4<0>;
L_0x55824fc2c820 .functor OR 1, L_0x55824fc2c670, L_0x55824fc2c760, C4<0>, C4<0>;
v0x55824fbe6070_0 .net *"_s0", 0 0, L_0x55824fc2c670;  1 drivers
v0x55824fc2c030_0 .net *"_s2", 0 0, L_0x55824fc2c760;  1 drivers
v0x55824fc2c110_0 .net "out", 0 0, L_0x55824fc2c820;  alias, 1 drivers
v0x55824fc2c1b0_0 .net "x", 0 0, v0x55824fc2c4a0_0;  1 drivers
v0x55824fc2c270_0 .net "y", 0 0, v0x55824fc2c570_0;  1 drivers
    .scope S_0x55824fc1b770;
T_0 ;
    %vpi_call 2 12 "$dumpfile", "prob2_tb.vcd" {0 0 0};
    %vpi_call 2 13 "$dumpvars", 32'sb00000000000000000000000000000000, S_0x55824fc1b770 {0 0 0};
    %pushi/vec4 0, 0, 1;
    %store/vec4 v0x55824fc2c4a0_0, 0, 1;
    %pushi/vec4 0, 0, 1;
    %store/vec4 v0x55824fc2c570_0, 0, 1;
    %delay 10, 0;
    %pushi/vec4 0, 0, 1;
    %store/vec4 v0x55824fc2c4a0_0, 0, 1;
    %pushi/vec4 1, 0, 1;
    %store/vec4 v0x55824fc2c570_0, 0, 1;
    %delay 10, 0;
    %pushi/vec4 1, 0, 1;
    %store/vec4 v0x55824fc2c4a0_0, 0, 1;
    %pushi/vec4 0, 0, 1;
    %store/vec4 v0x55824fc2c570_0, 0, 1;
    %delay 10, 0;
    %pushi/vec4 1, 0, 1;
    %store/vec4 v0x55824fc2c4a0_0, 0, 1;
    %pushi/vec4 1, 0, 1;
    %store/vec4 v0x55824fc2c570_0, 0, 1;
    %delay 10, 0;
    %end;
    .thread T_0;
# The file index is used to find the file name in the following table.
:file_names 4;
    "N/A";
    "<interactive>";
    "prob2_tb.v";
    "./prob2.v";
