#! /usr/bin/vvp
:ivl_version "10.3 (stable)";
:ivl_delay_selection "TYPICAL";
:vpi_time_precision + 0;
:vpi_module "system";
:vpi_module "vhdl_sys";
:vpi_module "v2005_math";
:vpi_module "va_math";
S_0x55ca107d50d0 .scope module, "prob2" "prob2" 2 1;
 .timescale 0 0;
    .port_info 0 /INPUT 1 "x"
    .port_info 1 /INPUT 1 "y"
    .port_info 2 /OUTPUT 1 "out"
o0x7f9dafe7c0d8 .functor BUFZ 1, C4<z>; HiZ drive
L_0x55ca10817840 .functor NOT 1, o0x7f9dafe7c0d8, C4<0>, C4<0>, C4<0>;
o0x7f9dafe7c0a8 .functor BUFZ 1, C4<z>; HiZ drive
L_0x55ca108178e0 .functor NOT 1, o0x7f9dafe7c0a8, C4<0>, C4<0>, C4<0>;
L_0x55ca108179b0 .functor OR 1, L_0x55ca10817840, L_0x55ca108178e0, C4<0>, C4<0>;
v0x55ca107d52a0_0 .net *"_s0", 0 0, L_0x55ca10817840;  1 drivers
v0x55ca10817470_0 .net *"_s2", 0 0, L_0x55ca108178e0;  1 drivers
v0x55ca10817550_0 .net "out", 0 0, L_0x55ca108179b0;  1 drivers
v0x55ca108175f0_0 .net "x", 0 0, o0x7f9dafe7c0a8;  0 drivers
v0x55ca108176b0_0 .net "y", 0 0, o0x7f9dafe7c0d8;  0 drivers
# The file index is used to find the file name in the following table.
:file_names 3;
    "N/A";
    "<interactive>";
    "prob2.v";
