#! /usr/bin/vvp
:ivl_version "10.3 (stable)";
:ivl_delay_selection "TYPICAL";
:vpi_time_precision + 0;
:vpi_module "system";
:vpi_module "vhdl_sys";
:vpi_module "v2005_math";
:vpi_module "va_math";
S_0x55db8ad56cc0 .scope module, "prob4_tb" "prob4_tb" 2 3;
 .timescale 0 0;
v0x55db8ad6beb0_0 .net "out", 0 0, L_0x55db8ad6c630;  1 drivers
v0x55db8ad6bf70_0 .var "x", 0 0;
v0x55db8ad6c040_0 .var "y", 0 0;
v0x55db8ad6c140_0 .var "z", 0 0;
S_0x55db8ad56e40 .scope module, "G1" "prob4" 2 8, 3 1 0, S_0x55db8ad56cc0;
 .timescale 0 0;
    .port_info 0 /INPUT 1 "x"
    .port_info 1 /INPUT 1 "y"
    .port_info 2 /INPUT 1 "z"
    .port_info 3 /OUTPUT 1 "out"
L_0x55db8ad6c210 .functor NOT 1, v0x55db8ad6bf70_0, C4<0>, C4<0>, C4<0>;
L_0x55db8ad6c2b0 .functor AND 1, L_0x55db8ad6c210, v0x55db8ad6c140_0, C4<1>, C4<1>;
L_0x55db8ad6c3c0 .functor AND 1, v0x55db8ad6bf70_0, v0x55db8ad6c040_0, C4<1>, C4<1>;
L_0x55db8ad6c480 .functor NOT 1, v0x55db8ad6c140_0, C4<0>, C4<0>, C4<0>;
L_0x55db8ad6c520 .functor AND 1, L_0x55db8ad6c3c0, L_0x55db8ad6c480, C4<1>, C4<1>;
L_0x55db8ad6c630 .functor OR 1, L_0x55db8ad6c2b0, L_0x55db8ad6c520, C4<0>, C4<0>;
v0x55db8ad210e0_0 .net *"_s0", 0 0, L_0x55db8ad6c210;  1 drivers
v0x55db8ad6b750_0 .net *"_s2", 0 0, L_0x55db8ad6c2b0;  1 drivers
v0x55db8ad6b830_0 .net *"_s4", 0 0, L_0x55db8ad6c3c0;  1 drivers
v0x55db8ad6b920_0 .net *"_s6", 0 0, L_0x55db8ad6c480;  1 drivers
v0x55db8ad6ba00_0 .net *"_s8", 0 0, L_0x55db8ad6c520;  1 drivers
v0x55db8ad6bb30_0 .net "out", 0 0, L_0x55db8ad6c630;  alias, 1 drivers
v0x55db8ad6bbf0_0 .net "x", 0 0, v0x55db8ad6bf70_0;  1 drivers
v0x55db8ad6bcb0_0 .net "y", 0 0, v0x55db8ad6c040_0;  1 drivers
v0x55db8ad6bd70_0 .net "z", 0 0, v0x55db8ad6c140_0;  1 drivers
    .scope S_0x55db8ad56cc0;
T_0 ;
    %vpi_call 2 12 "$dumpfile", "prob4_tb.vcd" {0 0 0};
    %vpi_call 2 13 "$dumpvars", 32'sb00000000000000000000000000000000, S_0x55db8ad56cc0 {0 0 0};
    %pushi/vec4 0, 0, 1;
    %store/vec4 v0x55db8ad6c140_0, 0, 1;
    %pushi/vec4 0, 0, 1;
    %store/vec4 v0x55db8ad6bf70_0, 0, 1;
    %pushi/vec4 0, 0, 1;
    %store/vec4 v0x55db8ad6c040_0, 0, 1;
    %delay 10, 0;
    %pushi/vec4 0, 0, 1;
    %store/vec4 v0x55db8ad6c140_0, 0, 1;
    %pushi/vec4 0, 0, 1;
    %store/vec4 v0x55db8ad6bf70_0, 0, 1;
    %pushi/vec4 1, 0, 1;
    %store/vec4 v0x55db8ad6c040_0, 0, 1;
    %delay 10, 0;
    %pushi/vec4 0, 0, 1;
    %store/vec4 v0x55db8ad6c140_0, 0, 1;
    %pushi/vec4 1, 0, 1;
    %store/vec4 v0x55db8ad6bf70_0, 0, 1;
    %pushi/vec4 0, 0, 1;
    %store/vec4 v0x55db8ad6c040_0, 0, 1;
    %delay 10, 0;
    %pushi/vec4 0, 0, 1;
    %store/vec4 v0x55db8ad6c140_0, 0, 1;
    %pushi/vec4 1, 0, 1;
    %store/vec4 v0x55db8ad6bf70_0, 0, 1;
    %pushi/vec4 1, 0, 1;
    %store/vec4 v0x55db8ad6c040_0, 0, 1;
    %delay 10, 0;
    %pushi/vec4 1, 0, 1;
    %store/vec4 v0x55db8ad6c140_0, 0, 1;
    %pushi/vec4 0, 0, 1;
    %store/vec4 v0x55db8ad6bf70_0, 0, 1;
    %pushi/vec4 0, 0, 1;
    %store/vec4 v0x55db8ad6c040_0, 0, 1;
    %delay 10, 0;
    %pushi/vec4 1, 0, 1;
    %store/vec4 v0x55db8ad6c140_0, 0, 1;
    %pushi/vec4 0, 0, 1;
    %store/vec4 v0x55db8ad6bf70_0, 0, 1;
    %pushi/vec4 1, 0, 1;
    %store/vec4 v0x55db8ad6c040_0, 0, 1;
    %delay 10, 0;
    %pushi/vec4 1, 0, 1;
    %store/vec4 v0x55db8ad6c140_0, 0, 1;
    %pushi/vec4 1, 0, 1;
    %store/vec4 v0x55db8ad6bf70_0, 0, 1;
    %pushi/vec4 0, 0, 1;
    %store/vec4 v0x55db8ad6c040_0, 0, 1;
    %delay 10, 0;
    %pushi/vec4 1, 0, 1;
    %store/vec4 v0x55db8ad6c140_0, 0, 1;
    %pushi/vec4 1, 0, 1;
    %store/vec4 v0x55db8ad6bf70_0, 0, 1;
    %pushi/vec4 1, 0, 1;
    %store/vec4 v0x55db8ad6c040_0, 0, 1;
    %delay 10, 0;
    %end;
    .thread T_0;
# The file index is used to find the file name in the following table.
:file_names 4;
    "N/A";
    "<interactive>";
    "prob4_tb.v";
    "./prob4.v";
