#! /usr/bin/vvp
:ivl_version "10.3 (stable)";
:ivl_delay_selection "TYPICAL";
:vpi_time_precision + 0;
:vpi_module "system";
:vpi_module "vhdl_sys";
:vpi_module "v2005_math";
:vpi_module "va_math";
S_0x55fe5c7f7100 .scope module, "prob4" "prob4" 2 1;
 .timescale 0 0;
    .port_info 0 /INPUT 1 "x"
    .port_info 1 /INPUT 1 "y"
    .port_info 2 /INPUT 1 "z"
    .port_info 3 /OUTPUT 1 "out"
o0x7fc8b359e138 .functor BUFZ 1, C4<z>; HiZ drive
L_0x55fe5c83ae70 .functor NOT 1, o0x7fc8b359e138, C4<0>, C4<0>, C4<0>;
o0x7fc8b359e198 .functor BUFZ 1, C4<z>; HiZ drive
L_0x55fe5c83af30 .functor AND 1, L_0x55fe5c83ae70, o0x7fc8b359e198, C4<1>, C4<1>;
o0x7fc8b359e168 .functor BUFZ 1, C4<z>; HiZ drive
L_0x55fe5c83afd0 .functor AND 1, o0x7fc8b359e138, o0x7fc8b359e168, C4<1>, C4<1>;
L_0x55fe5c83b0c0 .functor NOT 1, o0x7fc8b359e198, C4<0>, C4<0>, C4<0>;
L_0x55fe5c83b1e0 .functor AND 1, L_0x55fe5c83afd0, L_0x55fe5c83b0c0, C4<1>, C4<1>;
L_0x55fe5c83b2f0 .functor OR 1, L_0x55fe5c83af30, L_0x55fe5c83b1e0, C4<0>, C4<0>;
v0x55fe5c7f72f0_0 .net *"_s0", 0 0, L_0x55fe5c83ae70;  1 drivers
v0x55fe5c83a710_0 .net *"_s2", 0 0, L_0x55fe5c83af30;  1 drivers
v0x55fe5c83a7f0_0 .net *"_s4", 0 0, L_0x55fe5c83afd0;  1 drivers
v0x55fe5c83a8e0_0 .net *"_s6", 0 0, L_0x55fe5c83b0c0;  1 drivers
v0x55fe5c83a9c0_0 .net *"_s8", 0 0, L_0x55fe5c83b1e0;  1 drivers
v0x55fe5c83aaf0_0 .net "out", 0 0, L_0x55fe5c83b2f0;  1 drivers
v0x55fe5c83abb0_0 .net "x", 0 0, o0x7fc8b359e138;  0 drivers
v0x55fe5c83ac70_0 .net "y", 0 0, o0x7fc8b359e168;  0 drivers
v0x55fe5c83ad30_0 .net "z", 0 0, o0x7fc8b359e198;  0 drivers
# The file index is used to find the file name in the following table.
:file_names 3;
    "N/A";
    "<interactive>";
    "prob4.v";
