#! /usr/bin/vvp
:ivl_version "10.3 (stable)";
:ivl_delay_selection "TYPICAL";
:vpi_time_precision + 0;
:vpi_module "system";
:vpi_module "vhdl_sys";
:vpi_module "v2005_math";
:vpi_module "va_math";
S_0x561c68ae0130 .scope module, "prob1" "prob1" 2 1;
 .timescale 0 0;
    .port_info 0 /INPUT 1 "x"
    .port_info 1 /INPUT 1 "y"
    .port_info 2 /OUTPUT 1 "out"
o0x7fedfbaa8138 .functor BUFZ 1, C4<z>; HiZ drive
L_0x561c68b233a0 .functor NOT 1, o0x7fedfbaa8138, C4<0>, C4<0>, C4<0>;
o0x7fedfbaa8108 .functor BUFZ 1, C4<z>; HiZ drive
L_0x561c68b23440 .functor AND 1, o0x7fedfbaa8108, L_0x561c68b233a0, C4<1>, C4<1>;
L_0x561c68b23560 .functor NOT 1, o0x7fedfbaa8108, C4<0>, C4<0>, C4<0>;
L_0x561c68b23620 .functor AND 1, L_0x561c68b23560, o0x7fedfbaa8138, C4<1>, C4<1>;
L_0x561c68b23760 .functor OR 1, L_0x561c68b23440, L_0x561c68b23620, C4<0>, C4<0>;
v0x561c68ae0300_0 .net *"_s0", 0 0, L_0x561c68b233a0;  1 drivers
v0x561c68b22e10_0 .net *"_s2", 0 0, L_0x561c68b23440;  1 drivers
v0x561c68b22ef0_0 .net *"_s4", 0 0, L_0x561c68b23560;  1 drivers
v0x561c68b22fb0_0 .net *"_s6", 0 0, L_0x561c68b23620;  1 drivers
v0x561c68b23090_0 .net "out", 0 0, L_0x561c68b23760;  1 drivers
v0x561c68b231a0_0 .net "x", 0 0, o0x7fedfbaa8108;  0 drivers
v0x561c68b23260_0 .net "y", 0 0, o0x7fedfbaa8138;  0 drivers
# The file index is used to find the file name in the following table.
:file_names 3;
    "N/A";
    "<interactive>";
    "prob1.v";
