#! /usr/bin/vvp
:ivl_version "10.3 (stable)";
:ivl_delay_selection "TYPICAL";
:vpi_time_precision + 0;
:vpi_module "system";
:vpi_module "vhdl_sys";
:vpi_module "v2005_math";
:vpi_module "va_math";
S_0x55c4dc4f7a40 .scope module, "prob6_tb" "prob6_tb" 2 3;
 .timescale 0 0;
v0x55c4dc519df0_0 .var "A", 0 0;
v0x55c4dc519eb0_0 .var "B", 0 0;
v0x55c4dc519f80_0 .var "C", 0 0;
v0x55c4dc51a080_0 .var "D", 0 0;
v0x55c4dc51a150_0 .net "out", 0 0, L_0x55c4dc51b7d0;  1 drivers
S_0x55c4dc4f7bc0 .scope module, "G1" "prob6" 2 8, 3 1 0, S_0x55c4dc4f7a40;
 .timescale 0 0;
    .port_info 0 /INPUT 1 "A"
    .port_info 1 /INPUT 1 "B"
    .port_info 2 /INPUT 1 "C"
    .port_info 3 /INPUT 1 "D"
    .port_info 4 /OUTPUT 1 "out"
L_0x55c4dc51a1f0 .functor NOT 1, v0x55c4dc519df0_0, C4<0>, C4<0>, C4<0>;
L_0x55c4dc51a2e0 .functor NOT 1, v0x55c4dc519eb0_0, C4<0>, C4<0>, C4<0>;
L_0x55c4dc51a3a0 .functor AND 1, L_0x55c4dc51a1f0, L_0x55c4dc51a2e0, C4<1>, C4<1>;
L_0x55c4dc51a4b0 .functor NOT 1, v0x55c4dc519f80_0, C4<0>, C4<0>, C4<0>;
L_0x55c4dc51a5a0 .functor AND 1, L_0x55c4dc51a3a0, L_0x55c4dc51a4b0, C4<1>, C4<1>;
L_0x55c4dc51a6b0 .functor AND 1, L_0x55c4dc51a5a0, v0x55c4dc51a080_0, C4<1>, C4<1>;
L_0x55c4dc51a800 .functor AND 1, v0x55c4dc519df0_0, v0x55c4dc519eb0_0, C4<1>, C4<1>;
L_0x55c4dc51a870 .functor NOT 1, v0x55c4dc519f80_0, C4<0>, C4<0>, C4<0>;
L_0x55c4dc51a930 .functor AND 1, L_0x55c4dc51a800, L_0x55c4dc51a870, C4<1>, C4<1>;
L_0x55c4dc51aa40 .functor AND 1, L_0x55c4dc51a930, v0x55c4dc51a080_0, C4<1>, C4<1>;
L_0x55c4dc51ab60 .functor OR 1, L_0x55c4dc51a6b0, L_0x55c4dc51aa40, C4<0>, C4<0>;
L_0x55c4dc51ac20 .functor NOT 1, v0x55c4dc519eb0_0, C4<0>, C4<0>, C4<0>;
L_0x55c4dc51ad00 .functor AND 1, v0x55c4dc519df0_0, L_0x55c4dc51ac20, C4<1>, C4<1>;
L_0x55c4dc51ad70 .functor AND 1, L_0x55c4dc51ad00, v0x55c4dc519f80_0, C4<1>, C4<1>;
L_0x55c4dc51ac90 .functor NOT 1, v0x55c4dc51a080_0, C4<0>, C4<0>, C4<0>;
L_0x55c4dc51af80 .functor AND 1, L_0x55c4dc51ad70, L_0x55c4dc51ac90, C4<1>, C4<1>;
L_0x55c4dc51b080 .functor OR 1, L_0x55c4dc51ab60, L_0x55c4dc51af80, C4<0>, C4<0>;
L_0x55c4dc51b190 .functor NOT 1, v0x55c4dc519df0_0, C4<0>, C4<0>, C4<0>;
L_0x55c4dc51b2a0 .functor NOT 1, v0x55c4dc519eb0_0, C4<0>, C4<0>, C4<0>;
L_0x55c4dc51b310 .functor AND 1, L_0x55c4dc51b190, L_0x55c4dc51b2a0, C4<1>, C4<1>;
L_0x55c4dc51b4d0 .functor AND 1, L_0x55c4dc51b310, v0x55c4dc519f80_0, C4<1>, C4<1>;
L_0x55c4dc51b590 .functor NOT 1, v0x55c4dc51a080_0, C4<0>, C4<0>, C4<0>;
L_0x55c4dc51b6c0 .functor AND 1, L_0x55c4dc51b4d0, L_0x55c4dc51b590, C4<1>, C4<1>;
L_0x55c4dc51b7d0 .functor OR 1, L_0x55c4dc51b080, L_0x55c4dc51b6c0, C4<0>, C4<0>;
v0x55c4dc4c10f0_0 .net "A", 0 0, v0x55c4dc519df0_0;  1 drivers
v0x55c4dc5185d0_0 .net "B", 0 0, v0x55c4dc519eb0_0;  1 drivers
v0x55c4dc518690_0 .net "C", 0 0, v0x55c4dc519f80_0;  1 drivers
v0x55c4dc518760_0 .net "D", 0 0, v0x55c4dc51a080_0;  1 drivers
v0x55c4dc518820_0 .net *"_s0", 0 0, L_0x55c4dc51a1f0;  1 drivers
v0x55c4dc518950_0 .net *"_s10", 0 0, L_0x55c4dc51a6b0;  1 drivers
v0x55c4dc518a30_0 .net *"_s12", 0 0, L_0x55c4dc51a800;  1 drivers
v0x55c4dc518b10_0 .net *"_s14", 0 0, L_0x55c4dc51a870;  1 drivers
v0x55c4dc518bf0_0 .net *"_s16", 0 0, L_0x55c4dc51a930;  1 drivers
v0x55c4dc518cd0_0 .net *"_s18", 0 0, L_0x55c4dc51aa40;  1 drivers
v0x55c4dc518db0_0 .net *"_s2", 0 0, L_0x55c4dc51a2e0;  1 drivers
v0x55c4dc518e90_0 .net *"_s20", 0 0, L_0x55c4dc51ab60;  1 drivers
v0x55c4dc518f70_0 .net *"_s22", 0 0, L_0x55c4dc51ac20;  1 drivers
v0x55c4dc519050_0 .net *"_s24", 0 0, L_0x55c4dc51ad00;  1 drivers
v0x55c4dc519130_0 .net *"_s26", 0 0, L_0x55c4dc51ad70;  1 drivers
v0x55c4dc519210_0 .net *"_s28", 0 0, L_0x55c4dc51ac90;  1 drivers
v0x55c4dc5192f0_0 .net *"_s30", 0 0, L_0x55c4dc51af80;  1 drivers
v0x55c4dc5193d0_0 .net *"_s32", 0 0, L_0x55c4dc51b080;  1 drivers
v0x55c4dc5194b0_0 .net *"_s34", 0 0, L_0x55c4dc51b190;  1 drivers
v0x55c4dc519590_0 .net *"_s36", 0 0, L_0x55c4dc51b2a0;  1 drivers
v0x55c4dc519670_0 .net *"_s38", 0 0, L_0x55c4dc51b310;  1 drivers
v0x55c4dc519750_0 .net *"_s4", 0 0, L_0x55c4dc51a3a0;  1 drivers
v0x55c4dc519830_0 .net *"_s40", 0 0, L_0x55c4dc51b4d0;  1 drivers
v0x55c4dc519910_0 .net *"_s42", 0 0, L_0x55c4dc51b590;  1 drivers
v0x55c4dc5199f0_0 .net *"_s44", 0 0, L_0x55c4dc51b6c0;  1 drivers
v0x55c4dc519ad0_0 .net *"_s6", 0 0, L_0x55c4dc51a4b0;  1 drivers
v0x55c4dc519bb0_0 .net *"_s8", 0 0, L_0x55c4dc51a5a0;  1 drivers
v0x55c4dc519c90_0 .net "out", 0 0, L_0x55c4dc51b7d0;  alias, 1 drivers
    .scope S_0x55c4dc4f7a40;
T_0 ;
    %vpi_call 2 12 "$dumpfile", "prob6_tb.vcd" {0 0 0};
    %vpi_call 2 13 "$dumpvars", 32'sb00000000000000000000000000000000, S_0x55c4dc4f7a40 {0 0 0};
    %pushi/vec4 0, 0, 1;
    %store/vec4 v0x55c4dc519df0_0, 0, 1;
    %pushi/vec4 0, 0, 1;
    %store/vec4 v0x55c4dc519eb0_0, 0, 1;
    %pushi/vec4 0, 0, 1;
    %store/vec4 v0x55c4dc519f80_0, 0, 1;
    %pushi/vec4 0, 0, 1;
    %store/vec4 v0x55c4dc51a080_0, 0, 1;
    %delay 10, 0;
    %pushi/vec4 0, 0, 1;
    %store/vec4 v0x55c4dc519df0_0, 0, 1;
    %pushi/vec4 0, 0, 1;
    %store/vec4 v0x55c4dc519eb0_0, 0, 1;
    %pushi/vec4 0, 0, 1;
    %store/vec4 v0x55c4dc519f80_0, 0, 1;
    %pushi/vec4 1, 0, 1;
    %store/vec4 v0x55c4dc51a080_0, 0, 1;
    %delay 10, 0;
    %pushi/vec4 0, 0, 1;
    %store/vec4 v0x55c4dc519df0_0, 0, 1;
    %pushi/vec4 0, 0, 1;
    %store/vec4 v0x55c4dc519eb0_0, 0, 1;
    %pushi/vec4 1, 0, 1;
    %store/vec4 v0x55c4dc519f80_0, 0, 1;
    %pushi/vec4 0, 0, 1;
    %store/vec4 v0x55c4dc51a080_0, 0, 1;
    %delay 10, 0;
    %pushi/vec4 0, 0, 1;
    %store/vec4 v0x55c4dc519df0_0, 0, 1;
    %pushi/vec4 0, 0, 1;
    %store/vec4 v0x55c4dc519eb0_0, 0, 1;
    %pushi/vec4 1, 0, 1;
    %store/vec4 v0x55c4dc519f80_0, 0, 1;
    %pushi/vec4 1, 0, 1;
    %store/vec4 v0x55c4dc51a080_0, 0, 1;
    %delay 10, 0;
    %pushi/vec4 0, 0, 1;
    %store/vec4 v0x55c4dc519df0_0, 0, 1;
    %pushi/vec4 1, 0, 1;
    %store/vec4 v0x55c4dc519eb0_0, 0, 1;
    %pushi/vec4 0, 0, 1;
    %store/vec4 v0x55c4dc519f80_0, 0, 1;
    %pushi/vec4 0, 0, 1;
    %store/vec4 v0x55c4dc51a080_0, 0, 1;
    %delay 10, 0;
    %pushi/vec4 0, 0, 1;
    %store/vec4 v0x55c4dc519df0_0, 0, 1;
    %pushi/vec4 1, 0, 1;
    %store/vec4 v0x55c4dc519eb0_0, 0, 1;
    %pushi/vec4 0, 0, 1;
    %store/vec4 v0x55c4dc519f80_0, 0, 1;
    %pushi/vec4 1, 0, 1;
    %store/vec4 v0x55c4dc51a080_0, 0, 1;
    %delay 10, 0;
    %pushi/vec4 0, 0, 1;
    %store/vec4 v0x55c4dc519df0_0, 0, 1;
    %pushi/vec4 1, 0, 1;
    %store/vec4 v0x55c4dc519eb0_0, 0, 1;
    %pushi/vec4 1, 0, 1;
    %store/vec4 v0x55c4dc519f80_0, 0, 1;
    %pushi/vec4 0, 0, 1;
    %store/vec4 v0x55c4dc51a080_0, 0, 1;
    %delay 10, 0;
    %pushi/vec4 0, 0, 1;
    %store/vec4 v0x55c4dc519df0_0, 0, 1;
    %pushi/vec4 1, 0, 1;
    %store/vec4 v0x55c4dc519eb0_0, 0, 1;
    %pushi/vec4 1, 0, 1;
    %store/vec4 v0x55c4dc519f80_0, 0, 1;
    %pushi/vec4 1, 0, 1;
    %store/vec4 v0x55c4dc51a080_0, 0, 1;
    %delay 10, 0;
    %pushi/vec4 1, 0, 1;
    %store/vec4 v0x55c4dc519df0_0, 0, 1;
    %pushi/vec4 0, 0, 1;
    %store/vec4 v0x55c4dc519eb0_0, 0, 1;
    %pushi/vec4 0, 0, 1;
    %store/vec4 v0x55c4dc519f80_0, 0, 1;
    %pushi/vec4 1, 0, 1;
    %store/vec4 v0x55c4dc51a080_0, 0, 1;
    %delay 10, 0;
    %pushi/vec4 1, 0, 1;
    %store/vec4 v0x55c4dc519df0_0, 0, 1;
    %pushi/vec4 0, 0, 1;
    %store/vec4 v0x55c4dc519eb0_0, 0, 1;
    %pushi/vec4 0, 0, 1;
    %store/vec4 v0x55c4dc519f80_0, 0, 1;
    %pushi/vec4 0, 0, 1;
    %store/vec4 v0x55c4dc51a080_0, 0, 1;
    %delay 10, 0;
    %pushi/vec4 1, 0, 1;
    %store/vec4 v0x55c4dc519df0_0, 0, 1;
    %pushi/vec4 0, 0, 1;
    %store/vec4 v0x55c4dc519eb0_0, 0, 1;
    %pushi/vec4 1, 0, 1;
    %store/vec4 v0x55c4dc519f80_0, 0, 1;
    %pushi/vec4 0, 0, 1;
    %store/vec4 v0x55c4dc51a080_0, 0, 1;
    %delay 10, 0;
    %pushi/vec4 1, 0, 1;
    %store/vec4 v0x55c4dc519df0_0, 0, 1;
    %pushi/vec4 0, 0, 1;
    %store/vec4 v0x55c4dc519eb0_0, 0, 1;
    %pushi/vec4 1, 0, 1;
    %store/vec4 v0x55c4dc519f80_0, 0, 1;
    %pushi/vec4 1, 0, 1;
    %store/vec4 v0x55c4dc51a080_0, 0, 1;
    %delay 10, 0;
    %pushi/vec4 1, 0, 1;
    %store/vec4 v0x55c4dc519df0_0, 0, 1;
    %pushi/vec4 1, 0, 1;
    %store/vec4 v0x55c4dc519eb0_0, 0, 1;
    %pushi/vec4 0, 0, 1;
    %store/vec4 v0x55c4dc519f80_0, 0, 1;
    %pushi/vec4 0, 0, 1;
    %store/vec4 v0x55c4dc51a080_0, 0, 1;
    %delay 10, 0;
    %pushi/vec4 1, 0, 1;
    %store/vec4 v0x55c4dc519df0_0, 0, 1;
    %pushi/vec4 1, 0, 1;
    %store/vec4 v0x55c4dc519eb0_0, 0, 1;
    %pushi/vec4 0, 0, 1;
    %store/vec4 v0x55c4dc519f80_0, 0, 1;
    %pushi/vec4 1, 0, 1;
    %store/vec4 v0x55c4dc51a080_0, 0, 1;
    %delay 10, 0;
    %pushi/vec4 1, 0, 1;
    %store/vec4 v0x55c4dc519df0_0, 0, 1;
    %pushi/vec4 1, 0, 1;
    %store/vec4 v0x55c4dc519eb0_0, 0, 1;
    %pushi/vec4 1, 0, 1;
    %store/vec4 v0x55c4dc519f80_0, 0, 1;
    %pushi/vec4 0, 0, 1;
    %store/vec4 v0x55c4dc51a080_0, 0, 1;
    %delay 10, 0;
    %pushi/vec4 1, 0, 1;
    %store/vec4 v0x55c4dc519df0_0, 0, 1;
    %pushi/vec4 1, 0, 1;
    %store/vec4 v0x55c4dc519eb0_0, 0, 1;
    %pushi/vec4 1, 0, 1;
    %store/vec4 v0x55c4dc519f80_0, 0, 1;
    %pushi/vec4 1, 0, 1;
    %store/vec4 v0x55c4dc51a080_0, 0, 1;
    %delay 10, 0;
    %end;
    .thread T_0;
# The file index is used to find the file name in the following table.
:file_names 4;
    "N/A";
    "<interactive>";
    "prob6_tb.v";
    "./prob6.v";
